Traceback (most recent call last):
  File "C:\Python37\lib\site-packages\jupyter_cache\executors\utils.py", line 56, in single_nb_execution
    record_timing=False,
  File "C:\Python37\lib\site-packages\nbclient\client.py", line 1112, in execute
    return NotebookClient(nb=nb, resources=resources, km=km, **kwargs).execute()
  File "C:\Python37\lib\site-packages\nbclient\util.py", line 74, in wrapped
    return just_run(coro(*args, **kwargs))
  File "C:\Python37\lib\site-packages\nbclient\util.py", line 53, in just_run
    return loop.run_until_complete(coro)
  File "C:\Python37\lib\asyncio\base_events.py", line 579, in run_until_complete
    return future.result()
  File "C:\Python37\lib\site-packages\nbclient\client.py", line 554, in async_execute
    cell, index, execution_count=self.code_cells_executed + 1
  File "C:\Python37\lib\site-packages\nbclient\client.py", line 857, in async_execute_cell
    self._check_raise_for_error(cell, exec_reply)
  File "C:\Python37\lib\site-packages\nbclient\client.py", line 760, in _check_raise_for_error
    raise CellExecutionError.from_cell_and_msg(cell, exec_reply_content)
nbclient.exceptions.CellExecutionError: An error occurred while executing the following cell:
------------------
pvalues <- c(.002, .005, .015, .113, .222, .227, .454, .552, .663, .751)
p.adjust(pvalues,method="BH")
------------------

[1;31m---------------------------------------------------------------------------[0m
[1;31mNameError[0m                                 Traceback (most recent call last)
[1;32m~\AppData\Local\Temp\ipykernel_16160\2459854979.py[0m in [0;36m<module>[1;34m[0m
[1;32m----> 1[1;33m [0mpvalues[0m [1;33m<[0m[1;33m-[0m [0mc[0m[1;33m([0m[1;36m.002[0m[1;33m,[0m [1;36m.005[0m[1;33m,[0m [1;36m.015[0m[1;33m,[0m [1;36m.113[0m[1;33m,[0m [1;36m.222[0m[1;33m,[0m [1;36m.227[0m[1;33m,[0m [1;36m.454[0m[1;33m,[0m [1;36m.552[0m[1;33m,[0m [1;36m.663[0m[1;33m,[0m [1;36m.751[0m[1;33m)[0m[1;33m[0m[1;33m[0m[0m
[0m[0;32m      2[0m [0mp[0m[1;33m.[0m[0madjust[0m[1;33m([0m[0mpvalues[0m[1;33m,[0m[0mmethod[0m[1;33m=[0m[1;34m"BH"[0m[1;33m)[0m[1;33m[0m[1;33m[0m[0m

[1;31mNameError[0m: name 'pvalues' is not defined
NameError: name 'pvalues' is not defined

